# JRE version: Java(TM) SE Runtime Environment (17.0.4+11) (build 17.0.4+11-LTS-179)
# Java VM: Java HotSpot(TM) 64-Bit Server VM (17.0.4+11-LTS-179, mixed mode, sharing, tiered, compressed oops, compressed class ptrs, g1 gc, bsd-amd64)
GC Precious Log:
 CPUs: 4 total, 4 available
 Memory: 8192M
 Large Page Support: Disabled
 NUMA Support: Disabled
 Compressed Oops: Enabled (Zero based)
 Heap Region Size: 1M
 Heap Min Capacity: 8M
 Heap Initial Capacity: 128M
 Heap Max Capacity: 2G
 Pre-touch: Disabled
 Parallel Workers: 4
 Concurrent Workers: 1
 Concurrent Refinement Workers: 4
 Periodic GC: Disabled
Heap:
 garbage-first heap   total 126976K, used 93694K [0x0000000780000000, 0x0000000800000000)
  region size 1024K, 56 young (57344K), 2 survivors (2048K)
 Metaspace       used 70038K, committed 70528K, reserved 1114112K
  class space    used 8966K, committed 9216K, reserved 1048576K
GC Heap History (20 events):
Event: 700101.165 GC heap before
{Heap before GC invocations=490 (full 0):
 garbage-first heap   total 126976K, used 110030K [0x0000000780000000, 0x0000000800000000)
  region size 1024K, 71 young (72704K), 1 survivors (1024K)
 Metaspace       used 69987K, committed 70464K, reserved 1114112K
  class space    used 8963K, committed 9216K, reserved 1048576K
}
Event: 700101.187 GC heap after
{Heap after GC invocations=491 (full 0):
 garbage-first heap   total 126976K, used 38374K [0x0000000780000000, 0x0000000800000000)
  region size 1024K, 1 young (1024K), 1 survivors (1024K)
 Metaspace       used 69987K, committed 70464K, reserved 1114112K
  class space    used 8963K, committed 9216K, reserved 1048576K
}
Event: 700121.686 GC heap before
{Heap before GC invocations=491 (full 0):
 garbage-first heap   total 126976K, used 110054K [0x0000000780000000, 0x0000000800000000)
  region size 1024K, 71 young (72704K), 1 survivors (1024K)
 Metaspace       used 69987K, committed 70464K, reserved 1114112K
  class space    used 8963K, committed 9216K, reserved 1048576K
}
Event: 700121.689 GC heap after
{Heap after GC invocations=492 (full 0):
 garbage-first heap   total 126976K, used 38394K [0x0000000780000000, 0x0000000800000000)
  region size 1024K, 1 young (1024K), 1 survivors (1024K)
 Metaspace       used 69987K, committed 70464K, reserved 1114112K
  class space    used 8963K, committed 9216K, reserved 1048576K
}
Event: 700128.238 GC heap before
{Heap before GC invocations=492 (full 0):
 garbage-first heap   total 126976K, used 110074K [0x0000000780000000, 0x0000000800000000)
  region size 1024K, 71 young (72704K), 1 survivors (1024K)
 Metaspace       used 69987K, committed 70464K, reserved 1114112K
  class space    used 8963K, committed 9216K, reserved 1048576K
}
Event: 700128.243 GC heap after
{Heap after GC invocations=493 (full 0):
 garbage-first heap   total 126976K, used 38422K [0x0000000780000000, 0x0000000800000000)
  region size 1024K, 1 young (1024K), 1 survivors (1024K)
 Metaspace       used 69987K, committed 70464K, reserved 1114112K
  class space    used 8963K, committed 9216K, reserved 1048576K
}
Event: 700135.090 GC heap before
{Heap before GC invocations=493 (full 0):
 garbage-first heap   total 126976K, used 110102K [0x0000000780000000, 0x0000000800000000)
  region size 1024K, 71 young (72704K), 1 survivors (1024K)
 Metaspace       used 69987K, committed 70464K, reserved 1114112K
  class space    used 8963K, committed 9216K, reserved 1048576K
}
Event: 700135.096 GC heap after
{Heap after GC invocations=494 (full 0):
 garbage-first heap   total 126976K, used 38427K [0x0000000780000000, 0x0000000800000000)
  region size 1024K, 1 young (1024K), 1 survivors (1024K)
 Metaspace       used 69987K, committed 70464K, reserved 1114112K
  class space    used 8963K, committed 9216K, reserved 1048576K
}
Event: 700140.762 GC heap before
{Heap before GC invocations=494 (full 0):
 garbage-first heap   total 126976K, used 110107K [0x0000000780000000, 0x0000000800000000)
  region size 1024K, 71 young (72704K), 1 survivors (1024K)
 Metaspace       used 69987K, committed 70464K, reserved 1114112K
  class space    used 8963K, committed 9216K, reserved 1048576K
}
Event: 700140.765 GC heap after
{Heap after GC invocations=495 (full 0):
 garbage-first heap   total 126976K, used 38457K [0x0000000780000000, 0x0000000800000000)
  region size 1024K, 1 young (1024K), 1 survivors (1024K)
 Metaspace       used 69987K, committed 70464K, reserved 1114112K
  class space    used 8963K, committed 9216K, reserved 1048576K
}
Event: 700146.946 GC heap before
{Heap before GC invocations=495 (full 0):
 garbage-first heap   total 126976K, used 110137K [0x0000000780000000, 0x0000000800000000)
  region size 1024K, 71 young (72704K), 1 survivors (1024K)
 Metaspace       used 69987K, committed 70464K, reserved 1114112K
  class space    used 8963K, committed 9216K, reserved 1048576K
}
Event: 700146.949 GC heap after
{Heap after GC invocations=496 (full 0):
 garbage-first heap   total 126976K, used 38478K [0x0000000780000000, 0x0000000800000000)
  region size 1024K, 1 young (1024K), 1 survivors (1024K)
 Metaspace       used 69987K, committed 70464K, reserved 1114112K
  class space    used 8963K, committed 9216K, reserved 1048576K
}
Event: 700153.054 GC heap before
{Heap before GC invocations=496 (full 0):
 garbage-first heap   total 126976K, used 110158K [0x0000000780000000, 0x0000000800000000)
  region size 1024K, 71 young (72704K), 1 survivors (1024K)
 Metaspace       used 69987K, committed 70464K, reserved 1114112K
  class space    used 8963K, committed 9216K, reserved 1048576K
}
Event: 700153.058 GC heap after
{Heap after GC invocations=497 (full 0):
 garbage-first heap   total 126976K, used 38479K [0x0000000780000000, 0x0000000800000000)
  region size 1024K, 1 young (1024K), 1 survivors (1024K)
 Metaspace       used 69987K, committed 70464K, reserved 1114112K
  class space    used 8963K, committed 9216K, reserved 1048576K
}
Event: 700159.109 GC heap before
{Heap before GC invocations=497 (full 0):
 garbage-first heap   total 126976K, used 110159K [0x0000000780000000, 0x0000000800000000)
  region size 1024K, 71 young (72704K), 1 survivors (1024K)
 Metaspace       used 69987K, committed 70464K, reserved 1114112K
  class space    used 8963K, committed 9216K, reserved 1048576K
}
Event: 700159.115 GC heap after
{Heap after GC invocations=498 (full 0):
 garbage-first heap   total 126976K, used 38486K [0x0000000780000000, 0x0000000800000000)
  region size 1024K, 1 young (1024K), 1 survivors (1024K)
 Metaspace       used 69987K, committed 70464K, reserved 1114112K
  class space    used 8963K, committed 9216K, reserved 1048576K
}
Event: 700201.207 GC heap before
{Heap before GC invocations=498 (full 0):
 garbage-first heap   total 126976K, used 110166K [0x0000000780000000, 0x0000000800000000)
  region size 1024K, 71 young (72704K), 1 survivors (1024K)
 Metaspace       used 69987K, committed 70464K, reserved 1114112K
  class space    used 8963K, committed 9216K, reserved 1048576K
}
Event: 700201.301 GC heap after
{Heap after GC invocations=499 (full 0):
 garbage-first heap   total 126976K, used 38546K [0x0000000780000000, 0x0000000800000000)
  region size 1024K, 1 young (1024K), 1 survivors (1024K)
 Metaspace       used 69987K, committed 70464K, reserved 1114112K
  class space    used 8963K, committed 9216K, reserved 1048576K
}
Event: 703098.944 GC heap before
{Heap before GC invocations=499 (full 0):
 garbage-first heap   total 126976K, used 110226K [0x0000000780000000, 0x0000000800000000)
  region size 1024K, 71 young (72704K), 1 survivors (1024K)
 Metaspace       used 70015K, committed 70528K, reserved 1114112K
  class space    used 8964K, committed 9216K, reserved 1048576K
}
Event: 703098.993 GC heap after
{Heap after GC invocations=500 (full 0):
 garbage-first heap   total 126976K, used 39422K [0x0000000780000000, 0x0000000800000000)
  region size 1024K, 2 young (2048K), 2 survivors (2048K)
 Metaspace       used 70015K, committed 70528K, reserved 1114112K
  class space    used 8964K, committed 9216K, reserved 1048576K
}

